Traceback (most recent call last):
  File "C:\Users\baon2\IdeaProjects\Selenium_Python\selenium-python-anduong\core\report\reporting.py", line 87, in step
    yield
  File "C:\Users\baon2\IdeaProjects\Selenium_Python\selenium-python-anduong\core\element\element.py", line 204, in type
    el = self.resolve()
  File "C:\Users\baon2\IdeaProjects\Selenium_Python\selenium-python-anduong\core\element\element.py", line 103, in resolve
    self._last_ref = self._find_now()
  File "C:\Users\baon2\IdeaProjects\Selenium_Python\selenium-python-anduong\core\element\element.py", line 85, in _find_now
    return self._find_web_element_in_context(current_loc)
  File "C:\Users\baon2\IdeaProjects\Selenium_Python\selenium-python-anduong\core\element\element.py", line 73, in _find_web_element_in_context
    parent_we = self._find_web_element_in_context(locator.parent)
  File "C:\Users\baon2\IdeaProjects\Selenium_Python\selenium-python-anduong\core\element\element.py", line 76, in _find_web_element_in_context
    return self._driver().find_element(locator.by, locator.value)
  File "C:\Users\baon2\IdeaProjects\Selenium_Python\selenium-python-anduong\venv\lib\site-packages\selenium\webdriver\remote\webdriver.py", line 926, in find_element
    return self.execute(Command.FIND_ELEMENT, {"using": by, "value": value})["value"]
  File "C:\Users\baon2\IdeaProjects\Selenium_Python\selenium-python-anduong\venv\lib\site-packages\selenium\webdriver\remote\webdriver.py", line 458, in execute
    self.error_handler.check_response(response)
  File "C:\Users\baon2\IdeaProjects\Selenium_Python\selenium-python-anduong\venv\lib\site-packages\selenium\webdriver\remote\errorhandler.py", line 233, in check_response
    raise exception_class(message, screen, stacktrace)
selenium.common.exceptions.NoSuchElementException: Message: no such element: Unable to locate element: {"method":"xpath","selector":"//div[@data-cy='mutation-sensor']"}
  (Session info: chrome=143.0.7499.40); For documentation on this error, please visit: https://www.selenium.dev/documentation/webdriver/troubleshooting/errors#nosuchelementexception
Stacktrace:
Symbols not available. Dumping unresolved backtrace:
	0x7ff7194b8255
	0x7ff7194b82b0
	0x7ff71929165d
	0x7ff7192e9a33
	0x7ff7192e9d3c
	0x7ff71933df67
	0x7ff71933ac97
	0x7ff7192dac29
	0x7ff7192dba93
	0x7ff7197cfff0
	0x7ff7197ca930
	0x7ff7197e9096
	0x7ff7194d5754
	0x7ff7194de6fc
	0x7ff7194c1974
	0x7ff7194c1b25
	0x7ff7194a7852
	0x7ffee2e4e8d7
	0x7ffee3fac53c

