{"name": "Add hotel into Favourite successfully", "status": "failed", "statusDetails": {"message": "AssertionError: \u001b[31mFAILURE: \u001b[0mcheck bool(False): Verify that hotel address is display correctly |Condition: False\n\u001b[31mtests\\agoda\\booking\\test_booking.py\u001b[0m:87 in test_tc02() -> soft_asserts.assert_true(contains_text(actual_addr, expected_addr),\n\u001b[31mcore\\assertion\\soft_asserts.py\u001b[0m:38 in assert_true() -> result = soft_assert_check.is_true(expr, description)\n\n\u001b[31mFAILURE: \u001b[0mcheck bool(False): Verify that hotel room offer this service |Condition: False\n------------------------------------------------------------\nFailed Checks: 2\n------------------------------------------------------------\nself = <tests.agoda.booking.test_booking.TestBooking object at 0x000002AF5AA53FD0>\nbooking_data = BookingData(destination='Dalat', checkin_date='2025-12-05', checkout_date='2025-12-08', occupancies={'occupancyRooms': 2, 'occupancyChildren': 0, 'occupancyAdults': 4}, filters=[{'Facilities': 'Swimming pool'}])\nhard_asserts = <core.assertion.hard_asserts.HardAsserts object at 0x000002AF5AA4DCC0>\nsoft_asserts = <core.assertion.soft_asserts.SoftAsserts object at 0x000002AF5AA4E7A0>\notp_mailbox = {'email': '2e4909df-e30f-46ad-b81f-7a8cda5bc124@mailslurp.biz', 'inbox_id': '2e4909df-e30f-46ad-b81f-7a8cda5bc124', 'ms': <core.utils.slurp_mail_utils.SlurpMailUtil object at 0x000002AF5AA4EB30>}\n\n    @pytest.mark.parametrize(\"booking_data\", [\"test_tc02\"], indirect=True)\n    def test_tc02(self, booking_data: BookingData, hard_asserts, soft_asserts, otp_mailbox):\n        home_page = HomePage()\n        result_page = ResultPage()\n        hotel_detail_page = HotelDetails()\n        login_page = LoginPage()\n    \n        AR.set_title(\"Add hotel into Favourite successfully\")\n    \n        home_page.open(BASE_URL)\n        home_page.search_for_hotel(booking_data)\n    \n        mismatches = result_page.checking_hotel_address_from_search(5, booking_data.destination)\n        hard_asserts.assert_len(mismatches, 0, \"Verify that there is no hotel with mismatched destination\")\n    \n        result_page.filter_with_term(FiltersName.PROPERTIES_FACILITIES, booking_data.filters)\n    \n        hotel_infor = result_page.get_search_hotel_results(1, booking_data.destination)\n        result_page.select_first_hotel()\n    \n        actual = hotel_detail_page.get_hotel_information()\n        expected = hotel_infor[0]\n    \n        actual_name = actual.get(\"name\")\n        expected_name = expected.get(\"name\")\n    \n        hard_asserts.assert_equal(actual_name, expected_name, \"Verify that hotel name is display correctly\")\n    \n        actual_addr = actual.get(\"address\")\n        expected_addr = expected.get(\"address\")\n    \n        soft_asserts.assert_true(contains_text(actual_addr, expected_addr),\n                                 \"Verify that hotel address is display correctly\")\n    \n        soft_asserts.assert_true(hotel_detail_page.is_option_display(\"Swimming pool\"),\n                                 \"Verify that hotel room offer this service\")\n    \n        hotel_detail_page.add_to_favorites()\n    \n        email_address = otp_mailbox[\"email\"]\n    \n>       login_page.login(email_address)\n\ntests\\agoda\\booking\\test_booking.py:97: \n_ _ _ _ _ _ _ _ _ _ _ _ _ _ _ _ _ _ _ _ _ _ _ _ _ _ _ _ _ _ _ _ _ _ _ _ _ _ _ _ _ _ _ _ _ _ _ _ _ _ _ _ _ _ _ _ _ _ _ _ _ _ _ _ _ _ _ _ _ _ _ _ _ _ _ _ _ _ _ _\npages\\agoda\\login_page.py:42: in login\n    self.fill_email_username(user_name)\npages\\agoda\\login_page.py:29: in fill_email_username\n    user_name_input.type(user_name)\ncore\\element\\element.py:204: in type\n    el = self.resolve()\ncore\\element\\element.py:103: in resolve\n    self._last_ref = self._find_now()\ncore\\element\\element.py:85: in _find_now\n    return self._find_web_element_in_context(current_loc)\ncore\\element\\element.py:73: in _find_web_element_in_context\n    parent_we = self._find_web_element_in_context(locator.parent)\ncore\\element\\element.py:76: in _find_web_element_in_context\n    return self._driver().find_element(locator.by, locator.value)\nvenv\\lib\\site-packages\\selenium\\webdriver\\remote\\webdriver.py:926: in find_element\n    return self.execute(Command.FIND_ELEMENT, {\"using\": by, \"value\": value})[\"value\"]\nvenv\\lib\\site-packages\\selenium\\webdriver\\remote\\webdriver.py:458: in execute\n    self.error_handler.check_response(response)\n_ _ _ _ _ _ _ _ _ _ _ _ _ _ _ _ _ _ _ _ _ _ _ _ _ _ _ _ _ _ _ _ _ _ _ _ _ _ _ _ _ _ _ _ _ _ _ _ _ _ _ _ _ _ _ _ _ _ _ _ _ _ _ _ _ _ _ _ _ _ _ _ _ _ _ _ _ _ _ _\n\nself = <selenium.webdriver.remote.errorhandler.ErrorHandler object at 0x000002AF5AA4DCF0>\nresponse = {'status': 404, 'value': '{\"value\":{\"error\":\"no such element\",\"message\":\"no such element: Unable to locate element: {\\...ff7194de6fc\\\\n\\\\t0x7ff7194c1974\\\\n\\\\t0x7ff7194c1b25\\\\n\\\\t0x7ff7194a7852\\\\n\\\\t0x7ffee2e4e8d7\\\\n\\\\t0x7ffee3fac53c\\\\n\"}}'}\n\n    def check_response(self, response: dict[str, Any]) -> None:\n        \"\"\"Checks that a JSON response from the WebDriver does not have an\n        error.\n    \n        Args:\n            response: The JSON response from the WebDriver server as a dictionary\n                object.\n    \n        Raises:\n            WebDriverException: If the response contains an error message.\n        \"\"\"\n        status = response.get(\"status\", None)\n        if not status or status == ErrorCode.SUCCESS:\n            return\n        value = None\n        message = response.get(\"message\", \"\")\n        screen: str = response.get(\"screen\", \"\")\n        stacktrace = None\n        if isinstance(status, int):\n            value_json = response.get(\"value\", None)\n            if value_json and isinstance(value_json, str):\n                try:\n                    value = json.loads(value_json)\n                    if isinstance(value, dict):\n                        if len(value) == 1:\n                            value = value[\"value\"]\n                        status = value.get(\"error\", None)\n                        if not status:\n                            status = value.get(\"status\", ErrorCode.UNKNOWN_ERROR)\n                            message = value.get(\"value\") or value.get(\"message\")\n                            if not isinstance(message, str):\n                                value = message\n                                message = message.get(\"message\") if isinstance(message, dict) else None\n                        else:\n                            message = value.get(\"message\", None)\n                except ValueError:\n                    pass\n    \n        exception_class: type[WebDriverException]\n        e = ErrorCode()\n        error_codes = [item for item in dir(e) if not item.startswith(\"__\")]\n        for error_code in error_codes:\n            error_info = getattr(ErrorCode, error_code)\n            if isinstance(error_info, list) and status in error_info:\n                exception_class = getattr(ExceptionMapping, error_code, WebDriverException)\n                break\n        else:\n            exception_class = WebDriverException\n    \n        if not value:\n            value = response[\"value\"]\n        if isinstance(value, str):\n            raise exception_class(value)\n        if message == \"\" and \"message\" in value:\n            message = value[\"message\"]\n    \n        screen = None  # type: ignore[assignment]\n        if \"screen\" in value:\n            screen = value[\"screen\"]\n    \n        stacktrace = None\n        st_value = value.get(\"stackTrace\") or value.get(\"stacktrace\")\n        if st_value:\n            if isinstance(st_value, str):\n                stacktrace = st_value.split(\"\\n\")\n            else:\n                stacktrace = []\n                try:\n                    for frame in st_value:\n                        line = frame.get(\"lineNumber\", \"\")\n                        file = frame.get(\"fileName\", \"<anonymous>\")\n                        if line:\n                            file = f\"{file}:{line}\"\n                        meth = frame.get(\"methodName\", \"<anonymous>\")\n                        if \"className\" in frame:\n                            meth = f\"{frame['className']}.{meth}\"\n                        msg = \"    at %s (%s)\"\n                        msg = msg % (meth, file)\n                        stacktrace.append(msg)\n                except TypeError:\n                    pass\n        if exception_class == UnexpectedAlertPresentException:\n            alert_text = None\n            if \"data\" in value:\n                alert_text = value[\"data\"].get(\"text\")\n            elif \"alert\" in value:\n                alert_text = value[\"alert\"].get(\"text\")\n            raise exception_class(message, screen, stacktrace, alert_text)  # type: ignore[call-arg]  # mypy is not smart enough here\n>       raise exception_class(message, screen, stacktrace)\nE       selenium.common.exceptions.NoSuchElementException: Message: no such element: Unable to locate element: {\"method\":\"xpath\",\"selector\":\"//div[@data-cy='mutation-sensor']\"}\nE         (Session info: chrome=143.0.7499.40); For documentation on this error, please visit: https://www.selenium.dev/documentation/webdriver/troubleshooting/errors#nosuchelementexception\nE       Stacktrace:\nE       Symbols not available. Dumping unresolved backtrace:\nE       \t0x7ff7194b8255\nE       \t0x7ff7194b82b0\nE       \t0x7ff71929165d\nE       \t0x7ff7192e9a33\nE       \t0x7ff7192e9d3c\nE       \t0x7ff71933df67\nE       \t0x7ff71933ac97\nE       \t0x7ff7192dac29\nE       \t0x7ff7192dba93\nE       \t0x7ff7197cfff0\nE       \t0x7ff7197ca930\nE       \t0x7ff7197e9096\nE       \t0x7ff7194d5754\nE       \t0x7ff7194de6fc\nE       \t0x7ff7194c1974\nE       \t0x7ff7194c1b25\nE       \t0x7ff7194a7852\nE       \t0x7ffee2e4e8d7\nE       \t0x7ffee3fac53c\n\nvenv\\lib\\site-packages\\selenium\\webdriver\\remote\\errorhandler.py:233: NoSuchElementException", "trace": "\u001b[31mFAILURE: \u001b[0mcheck bool(False): Verify that hotel address is display correctly |Condition: False\n\u001b[31mtests\\agoda\\booking\\test_booking.py\u001b[0m:87 in test_tc02() -> soft_asserts.assert_true(contains_text(actual_addr, expected_addr),\n\u001b[31mcore\\assertion\\soft_asserts.py\u001b[0m:38 in assert_true() -> result = soft_assert_check.is_true(expr, description)\n\n\u001b[31mFAILURE: \u001b[0mcheck bool(False): Verify that hotel room offer this service |Condition: False\n------------------------------------------------------------\nFailed Checks: 2\n------------------------------------------------------------\nself = <tests.agoda.booking.test_booking.TestBooking object at 0x000002AF5AA53FD0>\nbooking_data = BookingData(destination='Dalat', checkin_date='2025-12-05', checkout_date='2025-12-08', occupancies={'occupancyRooms': 2, 'occupancyChildren': 0, 'occupancyAdults': 4}, filters=[{'Facilities': 'Swimming pool'}])\nhard_asserts = <core.assertion.hard_asserts.HardAsserts object at 0x000002AF5AA4DCC0>\nsoft_asserts = <core.assertion.soft_asserts.SoftAsserts object at 0x000002AF5AA4E7A0>\notp_mailbox = {'email': '2e4909df-e30f-46ad-b81f-7a8cda5bc124@mailslurp.biz', 'inbox_id': '2e4909df-e30f-46ad-b81f-7a8cda5bc124', 'ms': <core.utils.slurp_mail_utils.SlurpMailUtil object at 0x000002AF5AA4EB30>}\n\n    @pytest.mark.parametrize(\"booking_data\", [\"test_tc02\"], indirect=True)\n    def test_tc02(self, booking_data: BookingData, hard_asserts, soft_asserts, otp_mailbox):\n        home_page = HomePage()\n        result_page = ResultPage()\n        hotel_detail_page = HotelDetails()\n        login_page = LoginPage()\n    \n        AR.set_title(\"Add hotel into Favourite successfully\")\n    \n        home_page.open(BASE_URL)\n        home_page.search_for_hotel(booking_data)\n    \n        mismatches = result_page.checking_hotel_address_from_search(5, booking_data.destination)\n        hard_asserts.assert_len(mismatches, 0, \"Verify that there is no hotel with mismatched destination\")\n    \n        result_page.filter_with_term(FiltersName.PROPERTIES_FACILITIES, booking_data.filters)\n    \n        hotel_infor = result_page.get_search_hotel_results(1, booking_data.destination)\n        result_page.select_first_hotel()\n    \n        actual = hotel_detail_page.get_hotel_information()\n        expected = hotel_infor[0]\n    \n        actual_name = actual.get(\"name\")\n        expected_name = expected.get(\"name\")\n    \n        hard_asserts.assert_equal(actual_name, expected_name, \"Verify that hotel name is display correctly\")\n    \n        actual_addr = actual.get(\"address\")\n        expected_addr = expected.get(\"address\")\n    \n        soft_asserts.assert_true(contains_text(actual_addr, expected_addr),\n                                 \"Verify that hotel address is display correctly\")\n    \n        soft_asserts.assert_true(hotel_detail_page.is_option_display(\"Swimming pool\"),\n                                 \"Verify that hotel room offer this service\")\n    \n        hotel_detail_page.add_to_favorites()\n    \n        email_address = otp_mailbox[\"email\"]\n    \n>       login_page.login(email_address)\n\ntests\\agoda\\booking\\test_booking.py:97: \n_ _ _ _ _ _ _ _ _ _ _ _ _ _ _ _ _ _ _ _ _ _ _ _ _ _ _ _ _ _ _ _ _ _ _ _ _ _ _ _ _ _ _ _ _ _ _ _ _ _ _ _ _ _ _ _ _ _ _ _ _ _ _ _ _ _ _ _ _ _ _ _ _ _ _ _ _ _ _ _\npages\\agoda\\login_page.py:42: in login\n    self.fill_email_username(user_name)\npages\\agoda\\login_page.py:29: in fill_email_username\n    user_name_input.type(user_name)\ncore\\element\\element.py:204: in type\n    el = self.resolve()\ncore\\element\\element.py:103: in resolve\n    self._last_ref = self._find_now()\ncore\\element\\element.py:85: in _find_now\n    return self._find_web_element_in_context(current_loc)\ncore\\element\\element.py:73: in _find_web_element_in_context\n    parent_we = self._find_web_element_in_context(locator.parent)\ncore\\element\\element.py:76: in _find_web_element_in_context\n    return self._driver().find_element(locator.by, locator.value)\nvenv\\lib\\site-packages\\selenium\\webdriver\\remote\\webdriver.py:926: in find_element\n    return self.execute(Command.FIND_ELEMENT, {\"using\": by, \"value\": value})[\"value\"]\nvenv\\lib\\site-packages\\selenium\\webdriver\\remote\\webdriver.py:458: in execute\n    self.error_handler.check_response(response)\n_ _ _ _ _ _ _ _ _ _ _ _ _ _ _ _ _ _ _ _ _ _ _ _ _ _ _ _ _ _ _ _ _ _ _ _ _ _ _ _ _ _ _ _ _ _ _ _ _ _ _ _ _ _ _ _ _ _ _ _ _ _ _ _ _ _ _ _ _ _ _ _ _ _ _ _ _ _ _ _\n\nself = <selenium.webdriver.remote.errorhandler.ErrorHandler object at 0x000002AF5AA4DCF0>\nresponse = {'status': 404, 'value': '{\"value\":{\"error\":\"no such element\",\"message\":\"no such element: Unable to locate element: {\\...ff7194de6fc\\\\n\\\\t0x7ff7194c1974\\\\n\\\\t0x7ff7194c1b25\\\\n\\\\t0x7ff7194a7852\\\\n\\\\t0x7ffee2e4e8d7\\\\n\\\\t0x7ffee3fac53c\\\\n\"}}'}\n\n    def check_response(self, response: dict[str, Any]) -> None:\n        \"\"\"Checks that a JSON response from the WebDriver does not have an\n        error.\n    \n        Args:\n            response: The JSON response from the WebDriver server as a dictionary\n                object.\n    \n        Raises:\n            WebDriverException: If the response contains an error message.\n        \"\"\"\n        status = response.get(\"status\", None)\n        if not status or status == ErrorCode.SUCCESS:\n            return\n        value = None\n        message = response.get(\"message\", \"\")\n        screen: str = response.get(\"screen\", \"\")\n        stacktrace = None\n        if isinstance(status, int):\n            value_json = response.get(\"value\", None)\n            if value_json and isinstance(value_json, str):\n                try:\n                    value = json.loads(value_json)\n                    if isinstance(value, dict):\n                        if len(value) == 1:\n                            value = value[\"value\"]\n                        status = value.get(\"error\", None)\n                        if not status:\n                            status = value.get(\"status\", ErrorCode.UNKNOWN_ERROR)\n                            message = value.get(\"value\") or value.get(\"message\")\n                            if not isinstance(message, str):\n                                value = message\n                                message = message.get(\"message\") if isinstance(message, dict) else None\n                        else:\n                            message = value.get(\"message\", None)\n                except ValueError:\n                    pass\n    \n        exception_class: type[WebDriverException]\n        e = ErrorCode()\n        error_codes = [item for item in dir(e) if not item.startswith(\"__\")]\n        for error_code in error_codes:\n            error_info = getattr(ErrorCode, error_code)\n            if isinstance(error_info, list) and status in error_info:\n                exception_class = getattr(ExceptionMapping, error_code, WebDriverException)\n                break\n        else:\n            exception_class = WebDriverException\n    \n        if not value:\n            value = response[\"value\"]\n        if isinstance(value, str):\n            raise exception_class(value)\n        if message == \"\" and \"message\" in value:\n            message = value[\"message\"]\n    \n        screen = None  # type: ignore[assignment]\n        if \"screen\" in value:\n            screen = value[\"screen\"]\n    \n        stacktrace = None\n        st_value = value.get(\"stackTrace\") or value.get(\"stacktrace\")\n        if st_value:\n            if isinstance(st_value, str):\n                stacktrace = st_value.split(\"\\n\")\n            else:\n                stacktrace = []\n                try:\n                    for frame in st_value:\n                        line = frame.get(\"lineNumber\", \"\")\n                        file = frame.get(\"fileName\", \"<anonymous>\")\n                        if line:\n                            file = f\"{file}:{line}\"\n                        meth = frame.get(\"methodName\", \"<anonymous>\")\n                        if \"className\" in frame:\n                            meth = f\"{frame['className']}.{meth}\"\n                        msg = \"    at %s (%s)\"\n                        msg = msg % (meth, file)\n                        stacktrace.append(msg)\n                except TypeError:\n                    pass\n        if exception_class == UnexpectedAlertPresentException:\n            alert_text = None\n            if \"data\" in value:\n                alert_text = value[\"data\"].get(\"text\")\n            elif \"alert\" in value:\n                alert_text = value[\"alert\"].get(\"text\")\n            raise exception_class(message, screen, stacktrace, alert_text)  # type: ignore[call-arg]  # mypy is not smart enough here\n>       raise exception_class(message, screen, stacktrace)\nE       selenium.common.exceptions.NoSuchElementException: Message: no such element: Unable to locate element: {\"method\":\"xpath\",\"selector\":\"//div[@data-cy='mutation-sensor']\"}\nE         (Session info: chrome=143.0.7499.40); For documentation on this error, please visit: https://www.selenium.dev/documentation/webdriver/troubleshooting/errors#nosuchelementexception\nE       Stacktrace:\nE       Symbols not available. Dumping unresolved backtrace:\nE       \t0x7ff7194b8255\nE       \t0x7ff7194b82b0\nE       \t0x7ff71929165d\nE       \t0x7ff7192e9a33\nE       \t0x7ff7192e9d3c\nE       \t0x7ff71933df67\nE       \t0x7ff71933ac97\nE       \t0x7ff7192dac29\nE       \t0x7ff7192dba93\nE       \t0x7ff7197cfff0\nE       \t0x7ff7197ca930\nE       \t0x7ff7197e9096\nE       \t0x7ff7194d5754\nE       \t0x7ff7194de6fc\nE       \t0x7ff7194c1974\nE       \t0x7ff7194c1b25\nE       \t0x7ff7194a7852\nE       \t0x7ffee2e4e8d7\nE       \t0x7ffee3fac53c\n\nvenv\\lib\\site-packages\\selenium\\webdriver\\remote\\errorhandler.py:233: NoSuchElementException"}, "steps": [{"name": "Navigate to 'https://www.agoda.com'", "status": "passed", "parameters": [{"name": "url", "value": "'https://www.agoda.com'"}], "start": 1764692015951, "stop": 1764692017710}, {"name": "Search for hotel in Dalat", "status": "passed", "steps": [{"name": "Search with term: 'Dalat'", "status": "passed", "steps": [{"name": "Close download AGODA app popup", "status": "passed", "steps": [{"name": "Click on element Locator(by='xpath', value=\"//button[@data-element-name='prominent-app-download-floating-button']\", desc=None, parent=None)", "status": "passed", "start": 1764692017710, "stop": 1764692021723}], "start": 1764692017710, "stop": 1764692021723}, {"name": "Type Dalat in to HOME_PAGE Search box", "status": "passed", "start": 1764692021724, "stop": 1764692022071}], "parameters": [{"name": "text", "value": "'Dalat'"}], "start": 1764692017710, "stop": 1764692022071}, {"name": "Select 'Dalat' from suggestion", "status": "passed", "steps": [{"name": "Click on element HOME_PAGE Auto suggest {'city': 'Dalat'}", "status": "passed", "start": 1764692022072, "stop": 1764692022922}], "parameters": [{"name": "city", "value": "'Dalat'"}], "start": 1764692022072, "stop": 1764692022922}, {"name": "Select check-in date: '2025-12-05' and check-out date: '2025-12-08'", "status": "passed", "steps": [{"name": "Select date 2025-12-05 from AGODA CALENDAR", "status": "passed", "steps": [{"name": "Click on element HOME_PAGE Date Picker {'date': '2025-12-05'}", "status": "passed", "start": 1764692023236, "stop": 1764692023432}], "start": 1764692022927, "stop": 1764692023432}, {"name": "Select date 2025-12-08 from AGODA CALENDAR", "status": "passed", "steps": [{"name": "Click on element HOME_PAGE Date Picker {'date': '2025-12-08'}", "status": "passed", "start": 1764692023625, "stop": 1764692023764}], "start": 1764692023432, "stop": 1764692023764}], "parameters": [{"name": "checkin_date", "value": "'2025-12-05'"}, {"name": "checkout_date", "value": "'2025-12-08'"}], "start": 1764692022922, "stop": 1764692023764}, {"name": "Select occupancies [(<OccupancyType.OCCUPANCY_ROOM: 'occupancyRooms'>, 2), (<OccupancyType.OCCUPANCY_CHILDREN: 'occupancyChildren'>, 0), (<OccupancyType.OCCUPANCY_ADULTS: 'occupancyAdults'>, 4)]", "status": "passed", "steps": [{"name": "Enter number of 'occupancyRooms': 2", "status": "passed", "steps": [{"name": "Wait for occupancy 'occupancyRooms' selector display", "status": "passed", "parameters": [{"name": "occ_type", "value": "'occupancyRooms'"}], "start": 1764692023764, "stop": 1764692024019}, {"name": "Click on element HOME_PAGE Increase/Decrease {'control': 'plus'}", "status": "passed", "start": 1764692024065, "stop": 1764692024165}], "parameters": [{"name": "occ_type", "value": "'occupancyRooms'"}, {"name": "number", "value": "2"}], "start": 1764692023764, "stop": 1764692024165}, {"name": "Enter number of 'occupancyChildren': 0", "status": "passed", "steps": [{"name": "Wait for occupancy 'occupancyChildren' selector display", "status": "passed", "parameters": [{"name": "occ_type", "value": "'occupancyChildren'"}], "start": 1764692024167, "stop": 1764692024195}], "parameters": [{"name": "occ_type", "value": "'occupancyChildren'"}, {"name": "number", "value": "0"}], "start": 1764692024167, "stop": 1764692024230}, {"name": "Enter number of 'occupancyAdults': 4", "status": "passed", "steps": [{"name": "Wait for occupancy 'occupancyAdults' selector display", "status": "passed", "parameters": [{"name": "occ_type", "value": "'occupancyAdults'"}], "start": 1764692024230, "stop": 1764692024257}, {"name": "Click on element HOME_PAGE Increase/Decrease {'control': 'plus'}", "status": "passed", "start": 1764692024312, "stop": 1764692024475}, {"name": "Click on element HOME_PAGE Increase/Decrease {'control': 'plus'}", "status": "passed", "start": 1764692024491, "stop": 1764692024582}], "parameters": [{"name": "occ_type", "value": "'occupancyAdults'"}, {"name": "number", "value": "4"}], "start": 1764692024230, "stop": 1764692024582}, {"name": "Click on Occupancy Button", "status": "passed", "steps": [{"name": "Click on element HOME_PAGE Occupancy button", "status": "passed", "start": 1764692024582, "stop": 1764692024712}], "start": 1764692024582, "stop": 1764692024712}], "parameters": [{"name": "occ_pairs", "value": "[(<OccupancyType.OCCUPANCY_ROOM: 'occupancyRooms'>, 2), (<OccupancyType.OCCUPANCY_CHILDREN: 'occupancyChildren'>, 0), (<OccupancyType.OCCUPANCY_ADULTS: 'occupancyAdults'>, 4)]"}], "start": 1764692023764, "stop": 1764692024712}, {"name": "Submit search", "status": "passed", "steps": [{"name": "Click on element HOME_PAGE Search Button", "status": "passed", "start": 1764692024713, "stop": 1764692026631}, {"name": "New window is opened", "status": "passed", "start": 1764692026631, "stop": 1764692026655}, {"name": "Switch back to(C48CD28AD72569AB570D9E65CF073BB8)", "status": "passed", "start": 1764692026660, "stop": 1764692026675}, {"name": "Wait for document ready state is 'complete'", "status": "passed", "attachments": [{"name": "Timeout Screenshot", "source": "20bb9b9f-875c-4648-9509-dee9d99e24ba-attachment.png", "type": "image/png"}, {"name": "Timeout after 4.000s (polls=3): \nWait for document ready state is 'complete'. url=https://www.agoda.com/search?guid=aecbe67d-9f23-4774-9b6b-e88d321db439&lastSearchedCity=0&asq=u2qcKLxwzRU5NDuxJ0kOF3T91go8JoYYMxAgy8FkBH1BN0lGAtYH25sdXoy34qb9YQO3f4%2B94ZxeQYhk4dhndLETmvrXDIppfgee7x%2FlLc0nVj9Ohwm5gj%2BLUZvPqj2BdKT8zx5W5BioMdUuG%2F%2Fqgz%2BE2QAmBkdVgg%2FLzuwnKpmA7qpU9XFDUqXXm0XT2n6zW6v%2B1z7ngi%2Fh%2BcIMzh%2Fx3w%3D%3D&city=15932&tick=639003140227&locale=en-us&ckuid=43e9ca21-451b-4ab4-9244-76379242891b&prid=0&currency=VND&correlationId=3ef7b82d-151e-477c-a8ef-bdb67842d1d2&analyticsSessionId=-2338751604579881616&pageTypeId=1&realLanguageId=1&languageId=1&origin=VN&stateCode=HN&cid=-1&userId=43e9ca21-451b-4ab4-9244-76379242891b&whitelabelid=1&loginLvl=0&storefrontId=3&currencyId=78&currencyCode=VND&htmlLanguage=en-us&cultureInfoName=en-us&machineName=hk-pc-2h-acm-web-user-55599f679b-ppxm4&trafficGroupId=4&trafficSubGroupId=4&aid=130243&useFullPageLogin=true&cttp=4&isRealUser=true&mode=production&browserFamily=Chrome&cdnDomain=agoda.net&checkIn=2025-12-05&checkOut=2025-12-08&rooms=2&adults=4&children=0&priceCur=VND&los=3&textToSearch=Dalat&productType=-1&travellerType=3&familyMode=off&ds=AO%2B1VeEi7mVsCuZP title=Agoda | Hotels in Dalat | Best Price Guarantee!", "source": "f3acc8de-35e2-4686-b657-5637213235d8-attachment.txt", "type": "text/plain"}], "start": 1764692026675, "stop": 1764692033259}], "start": 1764692024712, "stop": 1764692033259}], "start": 1764692017710, "stop": 1764692033259}, {"name": "Checking hotel which is missing data", "status": "passed", "steps": [{"name": "Get information of first 5 hotels in 'Dalat'", "status": "passed", "parameters": [{"name": "n", "value": "5"}, {"name": "city", "value": "'Dalat'"}], "start": 1764692033259, "stop": 1764692036549}], "parameters": [{"name": "n", "value": "5"}, {"name": "city", "value": "'Dalat'"}], "start": 1764692033259, "stop": 1764692036549}, {"name": "Assert length: Verify that there is no hotel with mismatched destination | Expected: 0, Actual: 0", "status": "passed", "start": 1764692036549, "stop": 1764692036549}, {"name": "Filter 'Facilities' with available option", "status": "passed", "steps": [{"name": "Click on element RESULT_PAGE Filter option {'option_name': 'Swimming pool'}", "status": "passed", "start": 1764692037203, "stop": 1764692037466}], "parameters": [{"name": "filter_name", "value": "'Facilities'"}, {"name": "filters", "value": "[{'Facilities': 'Swimming pool'}]"}], "start": 1764692036891, "stop": 1764692037466}, {"name": "Get information of first 1 hotels in 'Dalat'", "status": "passed", "parameters": [{"name": "n", "value": "1"}, {"name": "city", "value": "'Dalat'"}], "start": 1764692037466, "stop": 1764692037821}, {"name": "Select the first hotel on result", "status": "passed", "steps": [{"name": "Force to same tab links", "status": "passed", "start": 1764692037821, "stop": 1764692037832}, {"name": "Click on element Element of {self.locator.desc} at index {int}", "status": "passed", "start": 1764692037832, "stop": 1764692038718}], "start": 1764692037821, "stop": 1764692038718}, {"name": "Get details of hotel information", "status": "passed", "steps": [{"name": "Wait for hotel information display", "status": "passed", "start": 1764692038718, "stop": 1764692040351}], "start": 1764692038718, "stop": 1764692044725}, {"name": "Assert equal: Verify that hotel name is display correctly | Expected: 'Le Recit Boutique Hotel de Dalat', Actual: 'Le Recit Boutique Hotel de Dalat'", "status": "passed", "attachments": [{"name": "Expected vs Actual", "source": "d58b0c0d-4293-42be-8b6e-1d7e1e69d99a-attachment.json", "type": "application/json"}], "start": 1764692044726, "stop": 1764692044728}, {"name": "Assert true: Verify that hotel address is display correctly |Condition: False", "status": "passed", "start": 1764692045059, "stop": 1764692045347}, {"name": "Check the 'Swimming pool' display or not", "status": "passed", "steps": [{"name": "Select 'Rooms' on NavBar", "status": "passed", "steps": [{"name": "Click on element HOTEL_DETAILS Nav Bar > HOTEL_DETAILS Nav Bar {option} {'option': <NavbarOptions.ROOMS: 'Rooms'>}", "status": "passed", "start": 1764692045689, "stop": 1764692045927}], "parameters": [{"name": "option", "value": "'Rooms'"}], "start": 1764692045649, "stop": 1764692045928}, {"name": "Wait for Room Filter displays", "status": "passed", "start": 1764692045928, "stop": 1764692046228}, {"name": "Check element HOTEL_DETAILS Room Offer Option {option} {'option': 'Swimming pool'} is exist or not", "status": "passed", "start": 1764692046228, "stop": 1764692046258}], "parameters": [{"name": "option", "value": "'Swimming pool'"}], "start": 1764692045649, "stop": 1764692046258}, {"name": "Assert true: Verify that hotel room offer this service |Condition: False", "status": "passed", "start": 1764692046258, "stop": 1764692046259}, {"name": "Add hotel to favorite", "status": "passed", "steps": [{"name": "Click on element HOTEL_DETAILS Add to favorite", "status": "passed", "start": 1764692046710, "stop": 1764692048084}], "start": 1764692046410, "stop": 1764692048084}, {"name": "Login with username : '2e4909df-e30f-46ad-b81f-7a8cda5bc124@mailslurp.biz'", "status": "broken", "statusDetails": {"message": "selenium.common.exceptions.NoSuchElementException: Message: no such element: Unable to locate element: {\"method\":\"xpath\",\"selector\":\"//div[@data-cy='mutation-sensor']\"}\n  (Session info: chrome=143.0.7499.40); For documentation on this error, please visit: https://www.selenium.dev/documentation/webdriver/troubleshooting/errors#nosuchelementexception\nStacktrace:\nSymbols not available. Dumping unresolved backtrace:\n\t0x7ff7194b8255\n\t0x7ff7194b82b0\n\t0x7ff71929165d\n\t0x7ff7192e9a33\n\t0x7ff7192e9d3c\n\t0x7ff71933df67\n\t0x7ff71933ac97\n\t0x7ff7192dac29\n\t0x7ff7192dba93\n\t0x7ff7197cfff0\n\t0x7ff7197ca930\n\t0x7ff7197e9096\n\t0x7ff7194d5754\n\t0x7ff7194de6fc\n\t0x7ff7194c1974\n\t0x7ff7194c1b25\n\t0x7ff7194a7852\n\t0x7ffee2e4e8d7\n\t0x7ffee3fac53c\n\n", "trace": "  File \"C:\\Users\\baon2\\IdeaProjects\\Selenium_Python\\selenium-python-anduong\\venv\\lib\\site-packages\\allure_commons\\_allure.py\", line 202, in impl\n    return func(*a, **kw)\n  File \"C:\\Users\\baon2\\IdeaProjects\\Selenium_Python\\selenium-python-anduong\\pages\\agoda\\login_page.py\", line 42, in login\n    self.fill_email_username(user_name)\n  File \"C:\\Users\\baon2\\IdeaProjects\\Selenium_Python\\selenium-python-anduong\\venv\\lib\\site-packages\\allure_commons\\_allure.py\", line 202, in impl\n    return func(*a, **kw)\n  File \"C:\\Users\\baon2\\IdeaProjects\\Selenium_Python\\selenium-python-anduong\\pages\\agoda\\login_page.py\", line 29, in fill_email_username\n    user_name_input.type(user_name)\n  File \"C:\\Users\\baon2\\IdeaProjects\\Selenium_Python\\selenium-python-anduong\\core\\element\\element.py\", line 204, in type\n    el = self.resolve()\n  File \"C:\\Users\\baon2\\IdeaProjects\\Selenium_Python\\selenium-python-anduong\\core\\element\\element.py\", line 103, in resolve\n    self._last_ref = self._find_now()\n  File \"C:\\Users\\baon2\\IdeaProjects\\Selenium_Python\\selenium-python-anduong\\core\\element\\element.py\", line 85, in _find_now\n    return self._find_web_element_in_context(current_loc)\n  File \"C:\\Users\\baon2\\IdeaProjects\\Selenium_Python\\selenium-python-anduong\\core\\element\\element.py\", line 73, in _find_web_element_in_context\n    parent_we = self._find_web_element_in_context(locator.parent)\n  File \"C:\\Users\\baon2\\IdeaProjects\\Selenium_Python\\selenium-python-anduong\\core\\element\\element.py\", line 76, in _find_web_element_in_context\n    return self._driver().find_element(locator.by, locator.value)\n  File \"C:\\Users\\baon2\\IdeaProjects\\Selenium_Python\\selenium-python-anduong\\venv\\lib\\site-packages\\selenium\\webdriver\\remote\\webdriver.py\", line 926, in find_element\n    return self.execute(Command.FIND_ELEMENT, {\"using\": by, \"value\": value})[\"value\"]\n  File \"C:\\Users\\baon2\\IdeaProjects\\Selenium_Python\\selenium-python-anduong\\venv\\lib\\site-packages\\selenium\\webdriver\\remote\\webdriver.py\", line 458, in execute\n    self.error_handler.check_response(response)\n  File \"C:\\Users\\baon2\\IdeaProjects\\Selenium_Python\\selenium-python-anduong\\venv\\lib\\site-packages\\selenium\\webdriver\\remote\\errorhandler.py\", line 233, in check_response\n    raise exception_class(message, screen, stacktrace)\n"}, "steps": [{"name": "Fill username: '2e4909df-e30f-46ad-b81f-7a8cda5bc124@mailslurp.biz'", "status": "broken", "statusDetails": {"message": "selenium.common.exceptions.NoSuchElementException: Message: no such element: Unable to locate element: {\"method\":\"xpath\",\"selector\":\"//div[@data-cy='mutation-sensor']\"}\n  (Session info: chrome=143.0.7499.40); For documentation on this error, please visit: https://www.selenium.dev/documentation/webdriver/troubleshooting/errors#nosuchelementexception\nStacktrace:\nSymbols not available. Dumping unresolved backtrace:\n\t0x7ff7194b8255\n\t0x7ff7194b82b0\n\t0x7ff71929165d\n\t0x7ff7192e9a33\n\t0x7ff7192e9d3c\n\t0x7ff71933df67\n\t0x7ff71933ac97\n\t0x7ff7192dac29\n\t0x7ff7192dba93\n\t0x7ff7197cfff0\n\t0x7ff7197ca930\n\t0x7ff7197e9096\n\t0x7ff7194d5754\n\t0x7ff7194de6fc\n\t0x7ff7194c1974\n\t0x7ff7194c1b25\n\t0x7ff7194a7852\n\t0x7ffee2e4e8d7\n\t0x7ffee3fac53c\n\n", "trace": "  File \"C:\\Users\\baon2\\IdeaProjects\\Selenium_Python\\selenium-python-anduong\\venv\\lib\\site-packages\\allure_commons\\_allure.py\", line 202, in impl\n    return func(*a, **kw)\n  File \"C:\\Users\\baon2\\IdeaProjects\\Selenium_Python\\selenium-python-anduong\\pages\\agoda\\login_page.py\", line 29, in fill_email_username\n    user_name_input.type(user_name)\n  File \"C:\\Users\\baon2\\IdeaProjects\\Selenium_Python\\selenium-python-anduong\\core\\element\\element.py\", line 204, in type\n    el = self.resolve()\n  File \"C:\\Users\\baon2\\IdeaProjects\\Selenium_Python\\selenium-python-anduong\\core\\element\\element.py\", line 103, in resolve\n    self._last_ref = self._find_now()\n  File \"C:\\Users\\baon2\\IdeaProjects\\Selenium_Python\\selenium-python-anduong\\core\\element\\element.py\", line 85, in _find_now\n    return self._find_web_element_in_context(current_loc)\n  File \"C:\\Users\\baon2\\IdeaProjects\\Selenium_Python\\selenium-python-anduong\\core\\element\\element.py\", line 73, in _find_web_element_in_context\n    parent_we = self._find_web_element_in_context(locator.parent)\n  File \"C:\\Users\\baon2\\IdeaProjects\\Selenium_Python\\selenium-python-anduong\\core\\element\\element.py\", line 76, in _find_web_element_in_context\n    return self._driver().find_element(locator.by, locator.value)\n  File \"C:\\Users\\baon2\\IdeaProjects\\Selenium_Python\\selenium-python-anduong\\venv\\lib\\site-packages\\selenium\\webdriver\\remote\\webdriver.py\", line 926, in find_element\n    return self.execute(Command.FIND_ELEMENT, {\"using\": by, \"value\": value})[\"value\"]\n  File \"C:\\Users\\baon2\\IdeaProjects\\Selenium_Python\\selenium-python-anduong\\venv\\lib\\site-packages\\selenium\\webdriver\\remote\\webdriver.py\", line 458, in execute\n    self.error_handler.check_response(response)\n  File \"C:\\Users\\baon2\\IdeaProjects\\Selenium_Python\\selenium-python-anduong\\venv\\lib\\site-packages\\selenium\\webdriver\\remote\\errorhandler.py\", line 233, in check_response\n    raise exception_class(message, screen, stacktrace)\n"}, "steps": [{"name": "Wait for Login form display", "status": "passed", "attachments": [{"name": "Timeout Screenshot", "source": "b7bff88c-b69f-4e59-88cd-ea4a46935cba-attachment.png", "type": "image/png"}, {"name": "Timeout after 4.000s (polls=15): \nElement(\"LOGIN_PAGE Login form\") should meet: visible.\nLast state: <not present>.\nLocator=//div[@data-cy='mutation-sensor']", "source": "00475633-a879-44f1-b5d4-4bfefffa737d-attachment.txt", "type": "text/plain"}], "start": 1764692048086, "stop": 1764692052580}, {"name": "Type 2e4909df-e30f-46ad-b81f-7a8cda5bc124@mailslurp.biz in to LOGIN_PAGE User name field", "status": "broken", "statusDetails": {"message": "selenium.common.exceptions.NoSuchElementException: Message: no such element: Unable to locate element: {\"method\":\"xpath\",\"selector\":\"//div[@data-cy='mutation-sensor']\"}\n  (Session info: chrome=143.0.7499.40); For documentation on this error, please visit: https://www.selenium.dev/documentation/webdriver/troubleshooting/errors#nosuchelementexception\nStacktrace:\nSymbols not available. Dumping unresolved backtrace:\n\t0x7ff7194b8255\n\t0x7ff7194b82b0\n\t0x7ff71929165d\n\t0x7ff7192e9a33\n\t0x7ff7192e9d3c\n\t0x7ff71933df67\n\t0x7ff71933ac97\n\t0x7ff7192dac29\n\t0x7ff7192dba93\n\t0x7ff7197cfff0\n\t0x7ff7197ca930\n\t0x7ff7197e9096\n\t0x7ff7194d5754\n\t0x7ff7194de6fc\n\t0x7ff7194c1974\n\t0x7ff7194c1b25\n\t0x7ff7194a7852\n\t0x7ffee2e4e8d7\n\t0x7ffee3fac53c\n\n", "trace": "  File \"C:\\Users\\baon2\\IdeaProjects\\Selenium_Python\\selenium-python-anduong\\core\\report\\reporting.py\", line 87, in step\n    yield\n  File \"C:\\Users\\baon2\\IdeaProjects\\Selenium_Python\\selenium-python-anduong\\core\\element\\element.py\", line 204, in type\n    el = self.resolve()\n  File \"C:\\Users\\baon2\\IdeaProjects\\Selenium_Python\\selenium-python-anduong\\core\\element\\element.py\", line 103, in resolve\n    self._last_ref = self._find_now()\n  File \"C:\\Users\\baon2\\IdeaProjects\\Selenium_Python\\selenium-python-anduong\\core\\element\\element.py\", line 85, in _find_now\n    return self._find_web_element_in_context(current_loc)\n  File \"C:\\Users\\baon2\\IdeaProjects\\Selenium_Python\\selenium-python-anduong\\core\\element\\element.py\", line 73, in _find_web_element_in_context\n    parent_we = self._find_web_element_in_context(locator.parent)\n  File \"C:\\Users\\baon2\\IdeaProjects\\Selenium_Python\\selenium-python-anduong\\core\\element\\element.py\", line 76, in _find_web_element_in_context\n    return self._driver().find_element(locator.by, locator.value)\n  File \"C:\\Users\\baon2\\IdeaProjects\\Selenium_Python\\selenium-python-anduong\\venv\\lib\\site-packages\\selenium\\webdriver\\remote\\webdriver.py\", line 926, in find_element\n    return self.execute(Command.FIND_ELEMENT, {\"using\": by, \"value\": value})[\"value\"]\n  File \"C:\\Users\\baon2\\IdeaProjects\\Selenium_Python\\selenium-python-anduong\\venv\\lib\\site-packages\\selenium\\webdriver\\remote\\webdriver.py\", line 458, in execute\n    self.error_handler.check_response(response)\n  File \"C:\\Users\\baon2\\IdeaProjects\\Selenium_Python\\selenium-python-anduong\\venv\\lib\\site-packages\\selenium\\webdriver\\remote\\errorhandler.py\", line 233, in check_response\n    raise exception_class(message, screen, stacktrace)\n"}, "attachments": [{"name": "Timeout Screenshot", "source": "4e3f588a-7927-42a7-be28-0bed17fe66d0-attachment.png", "type": "image/png"}, {"name": "Timeout after 4.000s (polls=19): \nElement(\"LOGIN_PAGE User name field\") should meet: visible.\nLast state: <not present>.\nLocator=//input[@type='email']", "source": "1e1bb2cb-0911-4ad1-a6d7-4fdf9b210250-attachment.txt", "type": "text/plain"}, {"name": "Page Screenshot", "source": "f9402712-8bd8-40c8-a808-0a7d9bd45a6f-attachment.png", "type": "image/png"}, {"name": "URL", "source": "2c7836a9-c42b-45fa-af8e-0dfdf6625dc0-attachment.txt", "type": "text/plain"}, {"name": "Title", "source": "5aad2206-6516-4d00-8723-8a2c6f3726b1-attachment.txt", "type": "text/plain"}, {"name": "Console logs", "source": "42a65196-c86a-441c-a929-5589098f4e3a-attachment.json", "type": "application/json"}, {"name": "Exception", "source": "8011fb1f-38d6-459d-beae-99e8ef119035-attachment.txt", "type": "text/plain"}], "start": 1764692052580, "stop": 1764692057084}], "parameters": [{"name": "user_name", "value": "'2e4909df-e30f-46ad-b81f-7a8cda5bc124@mailslurp.biz'"}], "start": 1764692048086, "stop": 1764692057085}], "parameters": [{"name": "user_name", "value": "'2e4909df-e30f-46ad-b81f-7a8cda5bc124@mailslurp.biz'"}], "start": 1764692048084, "stop": 1764692057089}], "attachments": [{"name": "Screenshot for assertion: Assert length: Verify that there is no hotel with mismatched destination | Expected: 0, Actual: 0", "source": "6567ce6a-0041-48a2-9c92-d54f496c9a31-attachment.png", "type": "image/png"}, {"name": "Screenshot for assertion: Assert equal: Verify that hotel name is display correctly | Expected: 'Le Recit Boutique Hotel de Dalat', Actual: 'Le Recit Boutique Hotel de Dalat'", "source": "e8605ee3-fe1f-4d47-9ea7-d7751bd6db02-attachment.png", "type": "image/png"}, {"name": "Screenshot for assertion: Assert true: Verify that hotel address is display correctly |Condition: False", "source": "1f602e47-14a6-461d-a6f9-d996d3d3ceca-attachment.png", "type": "image/png"}, {"name": "Screenshot for assertion: Assert true: Verify that hotel room offer this service |Condition: False", "source": "ffed8a90-663b-4379-ae7e-bc6923dc3d54-attachment.png", "type": "image/png"}, {"name": "test_tc02[browser=chrome-test_tc02] - failed", "source": "231f94c5-237e-4445-b394-82bad5bd757f-attachment.png", "type": "image/png"}, {"name": "log", "source": "6271131a-a47c-4573-a16e-9b55c2e03567-attachment.txt", "type": "text/plain"}], "parameters": [{"name": "browser_name", "value": "'chrome'"}, {"name": "booking_data", "value": "'test_tc02'"}], "start": 1764692015755, "stop": 1764692057090, "uuid": "9e86f9c4-5c34-472b-8b7f-128636eaf4b1", "historyId": "6eaaf73ae80343f3ce826c3bf70c68d9", "testCaseId": "2133beeb11d84cacc1caf487595f3fd9", "fullName": "tests.agoda.booking.test_booking.TestBooking#test_tc02", "labels": [{"name": "parentSuite", "value": "tests.agoda.booking"}, {"name": "suite", "value": "test_booking"}, {"name": "subSuite", "value": "TestBooking"}, {"name": "host", "value": "DELL_G3_3590"}, {"name": "thread", "value": "10888-MainThread"}, {"name": "framework", "value": "pytest"}, {"name": "language", "value": "cpython3"}, {"name": "package", "value": "tests.agoda.booking.test_booking"}], "titlePath": ["tests", "agoda", "booking", "test_booking.py", "TestBooking"]}